2020-Oct-14 17:23:31 PM [main] INFO  core.WebDriverFactory - Chrome Browser invoked
2020-Oct-14 17:23:33 PM [main] INFO  core.WebDriverFactory - Driver maximized and implicit time out set to 20 seconds
2020-Oct-14 17:23:33 PM [main] INFO  StepDef.StepDefs - Browser invoked.
2020-Oct-14 17:23:40 PM [main] INFO  core.WebDriverFactory - Browser navigated to the url: https://amazon.in
2020-Oct-14 17:23:40 PM [main] INFO  PageObject.CmnPageObject - Page Title MactchedOnline Shopping site in India: Shop Online for Mobiles, Books, Watches, Shoes and More - Amazon.in
2020-Oct-14 17:23:41 PM [main] INFO  PageObject.CmnPageObject -  Value Enterted in Search BoxLaptop
2020-Oct-14 17:23:44 PM [main] INFO  PageObject.CmnPageObject - Search button Clicked
2020-Oct-14 17:23:45 PM [main] INFO  PageObject.SearchPageObject - Search Page is displayed because refinement category is displayed
2020-Oct-14 17:23:47 PM [main] INFO  core.WebDriverFactory - Driver closed
2020-Oct-14 17:23:53 PM [main] INFO  core.WebDriverFactory - Chrome Browser invoked
2020-Oct-14 17:23:56 PM [main] INFO  core.WebDriverFactory - Driver maximized and implicit time out set to 20 seconds
2020-Oct-14 17:23:56 PM [main] INFO  StepDef.StepDefs - Browser invoked.
2020-Oct-14 17:24:01 PM [main] INFO  core.WebDriverFactory - Browser navigated to the url: https://amazon.in
2020-Oct-14 17:24:01 PM [main] INFO  PageObject.CmnPageObject - Page Title MactchedOnline Shopping site in India: Shop Online for Mobiles, Books, Watches, Shoes and More - Amazon.in
2020-Oct-14 17:24:02 PM [main] INFO  PageObject.CmnPageObject -  Value Enterted in Search BoxEarphone
2020-Oct-14 17:24:04 PM [main] INFO  PageObject.CmnPageObject - Search button Clicked
2020-Oct-14 17:24:04 PM [main] INFO  PageObject.SearchPageObject - Number of products searched: 26
2020-Oct-14 17:24:05 PM [main] INFO  PageObject.SearchPageObject - Clicked on the Link in the List with index: 0. Link Text: LUMIFORD Ultimate U30 in-Ear Wired Earphones with HD Sound, 10mm Dynamic Drivers, in-line mic with Controllers, Durable Tangle Free Cable (Black)
2020-Oct-14 17:24:05 PM [main] INFO  core.WebDriverFactory - List of windows found: 2
2020-Oct-14 17:24:05 PM [main] INFO  core.WebDriverFactory - Windows handles: [CDwindow-95AAA0C1BDEC3443D37E03C598E42DF6, CDwindow-0C029D58DFB55D188883826A41D9631B]
2020-Oct-14 17:24:05 PM [main] INFO  core.WebDriverFactory - Switched to the new window/tab
2020-Oct-14 17:24:08 PM [main] INFO  PageObject.ProductDescObject - Product Title is displayed
2020-Oct-14 17:24:09 PM [main] INFO  core.WebDriverFactory - Driver closed
