2020-Oct-14 17:02:51 PM [main] INFO  core.WebDriverFactory - Chrome Browser invoked
2020-Oct-14 17:02:53 PM [main] INFO  core.WebDriverFactory - Driver maximized and implicit time out set to 20 seconds
2020-Oct-14 17:02:53 PM [main] INFO  StepDef.StepDefs - Browser invoked.
2020-Oct-14 17:03:07 PM [main] INFO  core.WebDriverFactory - Browser navigated to the url: https://amazon.in
2020-Oct-14 17:03:08 PM [main] INFO  PageObject.CmnPageObject - Page Title MactchedOnline Shopping site in India: Shop Online for Mobiles, Books, Watches, Shoes and More - Amazon.in
2020-Oct-14 17:03:10 PM [main] INFO  PageObject.CmnPageObject -  Value Enterted in Search BoxLaptop
2020-Oct-14 17:03:15 PM [main] INFO  PageObject.CmnPageObject - Search button Clicked
2020-Oct-14 17:03:15 PM [main] INFO  PageObject.SearchPageObject - Search Page is displayed because refinement category is displayed
2020-Oct-14 17:03:17 PM [main] INFO  core.WebDriverFactory - Driver closed
2020-Oct-14 17:03:25 PM [main] INFO  core.WebDriverFactory - Chrome Browser invoked
2020-Oct-14 17:03:27 PM [main] INFO  core.WebDriverFactory - Driver maximized and implicit time out set to 20 seconds
2020-Oct-14 17:03:27 PM [main] INFO  StepDef.StepDefs - Browser invoked.
2020-Oct-14 17:03:38 PM [main] INFO  core.WebDriverFactory - Browser navigated to the url: https://amazon.in
2020-Oct-14 17:03:38 PM [main] INFO  PageObject.CmnPageObject - Page Title MactchedOnline Shopping site in India: Shop Online for Mobiles, Books, Watches, Shoes and More - Amazon.in
2020-Oct-14 17:03:39 PM [main] INFO  PageObject.CmnPageObject -  Value Enterted in Search BoxEarphone
2020-Oct-14 17:03:44 PM [main] INFO  PageObject.CmnPageObject - Search button Clicked
2020-Oct-14 17:03:44 PM [main] INFO  PageObject.SearchPageObject - Number of products searched: 26
2020-Oct-14 17:03:45 PM [main] INFO  PageObject.SearchPageObject - Clicked on the Link in the List with index: 0. Link Text: LUMIFORD Ultimate U30 in-Ear Wired Earphones with HD Sound, 10mm Dynamic Drivers, in-line mic with Controllers, Durable Tangle Free Cable (Black)
2020-Oct-14 17:03:45 PM [main] INFO  core.WebDriverFactory - List of windows found: 2
2020-Oct-14 17:03:45 PM [main] INFO  core.WebDriverFactory - Windows handles: [CDwindow-546EB820D1C742129024405BBB3AC4FF, CDwindow-C5A151151A8301C84E1820C9745E45D4]
2020-Oct-14 17:03:45 PM [main] INFO  core.WebDriverFactory - Switched to the new window/tab
2020-Oct-14 17:03:48 PM [main] INFO  PageObject.ProductDescObject - Product Title is displayed
2020-Oct-14 17:04:11 PM [main] INFO  core.WebDriverFactory - Driver closed
