2020-Oct-14 17:16:59 PM [main] INFO  core.WebDriverFactory - Chrome Browser invoked
2020-Oct-14 17:17:01 PM [main] INFO  core.WebDriverFactory - Driver maximized and implicit time out set to 20 seconds
2020-Oct-14 17:17:01 PM [main] INFO  StepDef.StepDefs - Browser invoked.
2020-Oct-14 17:17:09 PM [main] INFO  core.WebDriverFactory - Browser navigated to the url: https://amazon.in
2020-Oct-14 17:17:09 PM [main] INFO  PageObject.CmnPageObject - Page Title MactchedOnline Shopping site in India: Shop Online for Mobiles, Books, Watches, Shoes and More - Amazon.in
2020-Oct-14 17:17:10 PM [main] INFO  PageObject.CmnPageObject -  Value Enterted in Search BoxLaptop
2020-Oct-14 17:17:13 PM [main] INFO  PageObject.CmnPageObject - Search button Clicked
2020-Oct-14 17:17:14 PM [main] INFO  PageObject.SearchPageObject - Search Page is displayed because refinement category is displayed
2020-Oct-14 17:17:15 PM [main] INFO  core.WebDriverFactory - Driver closed
2020-Oct-14 17:17:22 PM [main] INFO  core.WebDriverFactory - Chrome Browser invoked
2020-Oct-14 17:17:24 PM [main] INFO  core.WebDriverFactory - Driver maximized and implicit time out set to 20 seconds
2020-Oct-14 17:17:24 PM [main] INFO  StepDef.StepDefs - Browser invoked.
2020-Oct-14 17:17:31 PM [main] INFO  core.WebDriverFactory - Browser navigated to the url: https://amazon.in
2020-Oct-14 17:17:31 PM [main] INFO  PageObject.CmnPageObject - Page Title MactchedOnline Shopping site in India: Shop Online for Mobiles, Books, Watches, Shoes and More - Amazon.in
2020-Oct-14 17:17:32 PM [main] INFO  PageObject.CmnPageObject -  Value Enterted in Search BoxEarphone
2020-Oct-14 17:17:37 PM [main] INFO  PageObject.CmnPageObject - Search button Clicked
2020-Oct-14 17:17:37 PM [main] INFO  PageObject.SearchPageObject - Number of products searched: 26
2020-Oct-14 17:17:37 PM [main] INFO  PageObject.SearchPageObject - Clicked on the Link in the List with index: 0. Link Text: LUMIFORD Ultimate U30 in-Ear Wired Earphones with HD Sound, 10mm Dynamic Drivers, in-line mic with Controllers, Durable Tangle Free Cable (Black)
2020-Oct-14 17:17:37 PM [main] INFO  core.WebDriverFactory - List of windows found: 2
2020-Oct-14 17:17:37 PM [main] INFO  core.WebDriverFactory - Windows handles: [CDwindow-C45C0A015D896663F4774F37069198DB, CDwindow-1063C4DD928B5EAEAA8502BBBAA2B7B3]
2020-Oct-14 17:17:37 PM [main] INFO  core.WebDriverFactory - Switched to the new window/tab
2020-Oct-14 17:17:42 PM [main] INFO  PageObject.ProductDescObject - Product Title is displayed
2020-Oct-14 17:18:04 PM [main] INFO  core.WebDriverFactory - Driver closed
