2020-Oct-16 14:53:49 PM [main] INFO  core.WebDriverFactory - Chrome Browser invoked
2020-Oct-16 14:53:51 PM [main] INFO  core.WebDriverFactory - Driver maximized and implicit time out set to 20 seconds
2020-Oct-16 14:53:51 PM [main] INFO  StepDef.StepDefs - Browser invoked.
2020-Oct-16 14:53:56 PM [main] INFO  core.WebDriverFactory - Browser navigated to the url: https://amazon.in
2020-Oct-16 14:53:56 PM [main] INFO  PageObject.CmnPageObject - Page Title MactchedOnline Shopping site in India: Shop Online for Mobiles, Books, Watches, Shoes and More - Amazon.in
2020-Oct-16 14:53:59 PM [main] INFO  core.WebDriverFactory - Browser navigated to the url: https://amazon.in
2020-Oct-16 14:53:59 PM [main] INFO  PageObject.CmnPageObject - Page Title MactchedOnline Shopping site in India: Shop Online for Mobiles, Books, Watches, Shoes and More - Amazon.in
2020-Oct-16 14:53:59 PM [main] INFO  PageObject.CmnPageObject -  Value Enterted in Search BoxLaptop
2020-Oct-16 14:54:02 PM [main] INFO  PageObject.CmnPageObject - Search button Clicked
2020-Oct-16 14:54:03 PM [main] INFO  PageObject.SearchPageObject - Search Page is displayed because refinement category is displayed
2020-Oct-16 14:54:05 PM [main] INFO  core.WebDriverFactory - Driver closed
2020-Oct-16 14:54:13 PM [main] INFO  core.WebDriverFactory - Chrome Browser invoked
2020-Oct-16 14:54:15 PM [main] INFO  core.WebDriverFactory - Driver maximized and implicit time out set to 20 seconds
2020-Oct-16 14:54:15 PM [main] INFO  StepDef.StepDefs - Browser invoked.
2020-Oct-16 14:54:21 PM [main] INFO  core.WebDriverFactory - Browser navigated to the url: https://amazon.in
2020-Oct-16 14:54:21 PM [main] INFO  PageObject.CmnPageObject - Page Title MactchedOnline Shopping site in India: Shop Online for Mobiles, Books, Watches, Shoes and More - Amazon.in
2020-Oct-16 14:54:23 PM [main] INFO  core.WebDriverFactory - Browser navigated to the url: https://amazon.in
2020-Oct-16 14:54:23 PM [main] INFO  PageObject.CmnPageObject - Page Title MactchedOnline Shopping site in India: Shop Online for Mobiles, Books, Watches, Shoes and More - Amazon.in
2020-Oct-16 14:54:24 PM [main] INFO  PageObject.CmnPageObject -  Value Enterted in Search BoxEarphone
2020-Oct-16 14:54:27 PM [main] INFO  PageObject.CmnPageObject - Search button Clicked
2020-Oct-16 14:54:27 PM [main] INFO  PageObject.SearchPageObject - Number of products searched: 20
2020-Oct-16 14:54:28 PM [main] INFO  PageObject.SearchPageObject - Clicked on the Link in the List with index: 0. Link Text: LUMIFORD Ultimate U20 in-Ear Wired Earphones with HD Sound, 10mm Powerfull Dynamic Drivers for Effective Bass, in-line mic with Controllers, Durable Tangle Free Perfect Length Cable (Blue)
2020-Oct-16 14:54:28 PM [main] INFO  core.WebDriverFactory - List of windows found: 2
2020-Oct-16 14:54:28 PM [main] INFO  core.WebDriverFactory - Windows handles: [CDwindow-1EF40178E0431BB982C2EF5009321C2E, CDwindow-4DC9C09CAD98FA2D23A5BADF56FE90C3]
2020-Oct-16 14:54:28 PM [main] INFO  core.WebDriverFactory - Switched to the new window/tab
2020-Oct-16 14:54:33 PM [main] INFO  PageObject.ProductDescObject - Product Title is displayed
2020-Oct-16 14:54:34 PM [main] INFO  core.WebDriverFactory - Driver closed
2020-Oct-16 14:54:42 PM [main] INFO  core.WebDriverFactory - Chrome Browser invoked
2020-Oct-16 14:54:44 PM [main] INFO  core.WebDriverFactory - Driver maximized and implicit time out set to 20 seconds
2020-Oct-16 14:54:44 PM [main] INFO  StepDef.StepDefs - Browser invoked.
2020-Oct-16 14:54:49 PM [main] INFO  core.WebDriverFactory - Browser navigated to the url: https://amazon.in
2020-Oct-16 14:54:50 PM [main] INFO  PageObject.CmnPageObject - Page Title MactchedOnline Shopping site in India: Shop Online for Mobiles, Books, Watches, Shoes and More - Amazon.in
2020-Oct-16 14:54:51 PM [main] INFO  core.WebDriverFactory - Browser navigated to the url: https://amazon.in
2020-Oct-16 14:54:51 PM [main] INFO  PageObject.CmnPageObject - Page Title MactchedOnline Shopping site in India: Shop Online for Mobiles, Books, Watches, Shoes and More - Amazon.in
2020-Oct-16 14:54:51 PM [main] INFO  PageObject.CmnPageObject -  Value Enterted in Search Boxlaptop
2020-Oct-16 14:54:56 PM [main] INFO  PageObject.CmnPageObject - Search button Clicked
2020-Oct-16 14:54:56 PM [main] INFO  PageObject.SearchPageObject - Search Page is displayed because refinement category is displayed
2020-Oct-16 14:54:58 PM [main] INFO  core.WebDriverFactory - Driver closed
2020-Oct-16 14:55:05 PM [main] INFO  core.WebDriverFactory - Chrome Browser invoked
2020-Oct-16 14:55:07 PM [main] INFO  core.WebDriverFactory - Driver maximized and implicit time out set to 20 seconds
2020-Oct-16 14:55:07 PM [main] INFO  StepDef.StepDefs - Browser invoked.
2020-Oct-16 14:55:12 PM [main] INFO  core.WebDriverFactory - Browser navigated to the url: https://amazon.in
2020-Oct-16 14:55:12 PM [main] INFO  PageObject.CmnPageObject - Page Title MactchedOnline Shopping site in India: Shop Online for Mobiles, Books, Watches, Shoes and More - Amazon.in
2020-Oct-16 14:55:15 PM [main] INFO  core.WebDriverFactory - Browser navigated to the url: https://amazon.in
2020-Oct-16 14:55:15 PM [main] INFO  PageObject.CmnPageObject - Page Title MactchedOnline Shopping site in India: Shop Online for Mobiles, Books, Watches, Shoes and More - Amazon.in
2020-Oct-16 14:55:15 PM [main] INFO  PageObject.CmnPageObject -  Value Enterted in Search Boxearphone
2020-Oct-16 14:55:19 PM [main] INFO  PageObject.CmnPageObject - Search button Clicked
2020-Oct-16 14:55:20 PM [main] INFO  PageObject.SearchPageObject - Search Page is displayed because refinement category is displayed
2020-Oct-16 14:55:21 PM [main] INFO  core.WebDriverFactory - Driver closed
2020-Oct-16 14:55:29 PM [main] INFO  core.WebDriverFactory - Chrome Browser invoked
2020-Oct-16 14:55:31 PM [main] INFO  core.WebDriverFactory - Driver maximized and implicit time out set to 20 seconds
2020-Oct-16 14:55:31 PM [main] INFO  StepDef.StepDefs - Browser invoked.
2020-Oct-16 14:55:36 PM [main] INFO  core.WebDriverFactory - Browser navigated to the url: https://amazon.in
2020-Oct-16 14:55:36 PM [main] INFO  PageObject.CmnPageObject - Page Title MactchedOnline Shopping site in India: Shop Online for Mobiles, Books, Watches, Shoes and More - Amazon.in
2020-Oct-16 14:55:39 PM [main] INFO  core.WebDriverFactory - Browser navigated to the url: https://amazon.in
2020-Oct-16 14:55:39 PM [main] INFO  PageObject.CmnPageObject - Page Title MactchedOnline Shopping site in India: Shop Online for Mobiles, Books, Watches, Shoes and More - Amazon.in
2020-Oct-16 14:55:40 PM [main] INFO  PageObject.CmnPageObject -  Value Enterted in Search Boxcomputer
2020-Oct-16 14:55:44 PM [main] INFO  PageObject.CmnPageObject - Search button Clicked
2020-Oct-16 14:55:44 PM [main] INFO  PageObject.SearchPageObject - Search Page is displayed because refinement category is displayed
2020-Oct-16 14:55:47 PM [main] INFO  core.WebDriverFactory - Driver closed
