2020-Oct-14 16:44:30 PM [main] INFO  core.WebDriverFactory - Chrome Browser invoked
2020-Oct-14 16:44:32 PM [main] INFO  core.WebDriverFactory - Driver maximized and implicit time out set to 20 seconds
2020-Oct-14 16:44:32 PM [main] INFO  StepDef.StepDefs - Browser invoked.
2020-Oct-14 16:44:38 PM [main] INFO  core.WebDriverFactory - Browser navigated to the url: https://amazon.in
2020-Oct-14 16:44:38 PM [main] INFO  PageObject.CmnPageObject - Page Title MactchedOnline Shopping site in India: Shop Online for Mobiles, Books, Watches, Shoes and More - Amazon.in
2020-Oct-14 16:44:39 PM [main] INFO  PageObject.CmnPageObject -  Value Enterted in Search BoxLaptop
2020-Oct-14 16:44:42 PM [main] INFO  PageObject.CmnPageObject - Search button Clicked
2020-Oct-14 16:44:42 PM [main] INFO  PageObject.SearchPageObject - Search Page is displayed because refinement category is displayed
2020-Oct-14 16:44:44 PM [main] INFO  core.WebDriverFactory - Driver closed
2020-Oct-14 16:44:51 PM [main] INFO  core.WebDriverFactory - Chrome Browser invoked
2020-Oct-14 16:44:53 PM [main] INFO  core.WebDriverFactory - Driver maximized and implicit time out set to 20 seconds
2020-Oct-14 16:44:53 PM [main] INFO  StepDef.StepDefs - Browser invoked.
2020-Oct-14 16:45:02 PM [main] INFO  core.WebDriverFactory - Browser navigated to the url: https://amazon.in
2020-Oct-14 16:45:02 PM [main] INFO  PageObject.CmnPageObject - Page Title MactchedOnline Shopping site in India: Shop Online for Mobiles, Books, Watches, Shoes and More - Amazon.in
2020-Oct-14 16:45:03 PM [main] INFO  PageObject.CmnPageObject -  Value Enterted in Search BoxEarphone
2020-Oct-14 16:45:05 PM [main] INFO  PageObject.CmnPageObject - Search button Clicked
2020-Oct-14 16:45:06 PM [main] INFO  PageObject.SearchPageObject - Number of products searched: 26
2020-Oct-14 16:45:06 PM [main] INFO  PageObject.SearchPageObject - Clicked on the Link in the List with index: 0. Link Text: LUMIFORD Ultimate U30 in-Ear Wired Earphones with HD Sound, 10mm Dynamic Drivers, in-line mic with Controllers, Durable Tangle Free Cable (Black)
2020-Oct-14 16:45:06 PM [main] INFO  core.WebDriverFactory - List of windows found: 2
2020-Oct-14 16:45:06 PM [main] INFO  core.WebDriverFactory - Windows handles: [CDwindow-8158B1191C4FB5F8281ECBA5C8EF936E, CDwindow-9EFE39785B6C0BC16502BDE049D1853B]
2020-Oct-14 16:45:06 PM [main] INFO  core.WebDriverFactory - Switched to the new window/tab
2020-Oct-14 16:45:10 PM [main] INFO  PageObject.ProductDescObject - Product Title is displayed
2020-Oct-14 16:45:31 PM [main] INFO  core.WebDriverFactory - Driver closed
